# JRE version: Java(TM) SE Runtime Environment (8.0_201-b09) (build 1.8.0_201-b09)
# Java VM: Java HotSpot(TM) 64-Bit Server VM (25.201-b09 mixed mode windows-amd64 compressed oops)
Heap:
 PSYoungGen      total 484864K, used 428584K [0x00000000e0900000, 0x0000000100000000, 0x0000000100000000)
  eden space 454656K, 94% used [0x00000000e0900000,0x00000000fab8a230,0x00000000fc500000)
  from space 30208K, 0% used [0x00000000fc500000,0x00000000fc500000,0x00000000fe280000)
  to   space 30208K, 0% used [0x00000000fe280000,0x00000000fe280000,0x0000000100000000)
 ParOldGen       total 532480K, used 532436K [0x00000000a1a00000, 0x00000000c2200000, 0x00000000e0900000)
  object space 532480K, 99% used [0x00000000a1a00000,0x00000000c21f50b0,0x00000000c2200000)
 Metaspace       used 15555K, capacity 16190K, committed 16256K, reserved 1062912K
  class space    used 1985K, capacity 2168K, committed 2176K, reserved 1048576K
GC Heap History (10 events):
Event: 30.930 GC heap before
{Heap before GC invocations=107 (full 12):
 PSYoungGen      total 484864K, used 454656K [0x00000000e0900000, 0x0000000100000000, 0x0000000100000000)
  eden space 454656K, 100% used [0x00000000e0900000,0x00000000fc500000,0x00000000fc500000)
  from space 30208K, 0% used [0x00000000fc500000,0x00000000fc500000,0x00000000fe280000)
  to   space 30208K, 0% used [0x00000000fe280000,0x00000000fe280000,0x0000000100000000)
 ParOldGen       total 532480K, used 532436K [0x00000000a1a00000, 0x00000000c2200000, 0x00000000e0900000)
  object space 532480K, 99% used [0x00000000a1a00000,0x00000000c21f5098,0x00000000c2200000)
 Metaspace       used 15552K, capacity 16190K, committed 16256K, reserved 1062912K
  class space    used 1985K, capacity 2168K, committed 2176K, reserved 1048576K
Event: 30.962 GC heap after
Heap after GC invocations=107 (full 12):
 PSYoungGen      total 484864K, used 157938K [0x00000000e0900000, 0x0000000100000000, 0x0000000100000000)
  eden space 454656K, 34% used [0x00000000e0900000,0x00000000ea33cbc8,0x00000000fc500000)
  from space 30208K, 0% used [0x00000000fc500000,0x00000000fc500000,0x00000000fe280000)
  to   space 30208K, 0% used [0x00000000fe280000,0x00000000fe280000,0x0000000100000000)
 ParOldGen       total 532480K, used 532436K [0x00000000a1a00000, 0x00000000c2200000, 0x00000000e0900000)
  object space 532480K, 99% used [0x00000000a1a00000,0x00000000c21f5098,0x00000000c2200000)
 Metaspace       used 15552K, capacity 16190K, committed 16256K, reserved 1062912K
  class space    used 1985K, capacity 2168K, committed 2176K, reserved 1048576K
}
Event: 31.125 GC heap before
{Heap before GC invocations=108 (full 13):
 PSYoungGen      total 484864K, used 454656K [0x00000000e0900000, 0x0000000100000000, 0x0000000100000000)
  eden space 454656K, 100% used [0x00000000e0900000,0x00000000fc500000,0x00000000fc500000)
  from space 30208K, 0% used [0x00000000fc500000,0x00000000fc500000,0x00000000fe280000)
  to   space 30208K, 0% used [0x00000000fe280000,0x00000000fe280000,0x0000000100000000)
 ParOldGen       total 532480K, used 532436K [0x00000000a1a00000, 0x00000000c2200000, 0x00000000e0900000)
  object space 532480K, 99% used [0x00000000a1a00000,0x00000000c21f5098,0x00000000c2200000)
 Metaspace       used 15552K, capacity 16190K, committed 16256K, reserved 1062912K
  class space    used 1985K, capacity 2168K, committed 2176K, reserved 1048576K
Event: 31.157 GC heap after
Heap after GC invocations=108 (full 13):
 PSYoungGen      total 484864K, used 170348K [0x00000000e0900000, 0x0000000100000000, 0x0000000100000000)
  eden space 454656K, 37% used [0x00000000e0900000,0x00000000eaf5b170,0x00000000fc500000)
  from space 30208K, 0% used [0x00000000fc500000,0x00000000fc500000,0x00000000fe280000)
  to   space 30208K, 0% used [0x00000000fe280000,0x00000000fe280000,0x0000000100000000)
 ParOldGen       total 532480K, used 532436K [0x00000000a1a00000, 0x00000000c2200000, 0x00000000e0900000)
  object space 532480K, 99% used [0x00000000a1a00000,0x00000000c21f5098,0x00000000c2200000)
 Metaspace       used 15552K, capacity 16190K, committed 16256K, reserved 1062912K
  class space    used 1985K, capacity 2168K, committed 2176K, reserved 1048576K
}
Event: 31.333 GC heap before
{Heap before GC invocations=109 (full 14):
 PSYoungGen      total 484864K, used 454656K [0x00000000e0900000, 0x0000000100000000, 0x0000000100000000)
  eden space 454656K, 100% used [0x00000000e0900000,0x00000000fc500000,0x00000000fc500000)
  from space 30208K, 0% used [0x00000000fc500000,0x00000000fc500000,0x00000000fe280000)
  to   space 30208K, 0% used [0x00000000fe280000,0x00000000fe280000,0x0000000100000000)
 ParOldGen       total 532480K, used 532436K [0x00000000a1a00000, 0x00000000c2200000, 0x00000000e0900000)
  object space 532480K, 99% used [0x00000000a1a00000,0x00000000c21f5098,0x00000000c2200000)
 Metaspace       used 15552K, capacity 16190K, committed 16256K, reserved 1062912K
  class space    used 1985K, capacity 2168K, committed 2176K, reserved 1048576K
Event: 31.361 GC heap after
Heap after GC invocations=109 (full 14):
 PSYoungGen      total 484864K, used 184542K [0x00000000e0900000, 0x0000000100000000, 0x0000000100000000)
  eden space 454656K, 40% used [0x00000000e0900000,0x00000000ebd37858,0x00000000fc500000)
  from space 30208K, 0% used [0x00000000fc500000,0x00000000fc500000,0x00000000fe280000)
  to   space 30208K, 0% used [0x00000000fe280000,0x00000000fe280000,0x0000000100000000)
 ParOldGen       total 532480K, used 532436K [0x00000000a1a00000, 0x00000000c2200000, 0x00000000e0900000)
  object space 532480K, 99% used [0x00000000a1a00000,0x00000000c21f5098,0x00000000c2200000)
 Metaspace       used 15552K, capacity 16190K, committed 16256K, reserved 1062912K
  class space    used 1985K, capacity 2168K, committed 2176K, reserved 1048576K
}
Event: 31.414 GC heap before
{Heap before GC invocations=110 (full 15):
 PSYoungGen      total 484864K, used 454656K [0x00000000e0900000, 0x0000000100000000, 0x0000000100000000)
  eden space 454656K, 100% used [0x00000000e0900000,0x00000000fc500000,0x00000000fc500000)
  from space 30208K, 0% used [0x00000000fc500000,0x00000000fc500000,0x00000000fe280000)
  to   space 30208K, 0% used [0x00000000fe280000,0x00000000fe280000,0x0000000100000000)
 ParOldGen       total 532480K, used 532436K [0x00000000a1a00000, 0x00000000c2200000, 0x00000000e0900000)
  object space 532480K, 99% used [0x00000000a1a00000,0x00000000c21f5098,0x00000000c2200000)
 Metaspace       used 15552K, capacity 16190K, committed 16256K, reserved 1062912K
  class space    used 1985K, capacity 2168K, committed 2176K, reserved 1048576K
Event: 31.442 GC heap after
Heap after GC invocations=110 (full 15):
 PSYoungGen      total 484864K, used 189188K [0x00000000e0900000, 0x0000000100000000, 0x0000000100000000)
  eden space 454656K, 41% used [0x00000000e0900000,0x00000000ec1c11d8,0x00000000fc500000)
  from space 30208K, 0% used [0x00000000fc500000,0x00000000fc500000,0x00000000fe280000)
  to   space 30208K, 0% used [0x00000000fe280000,0x00000000fe280000,0x0000000100000000)
 ParOldGen       total 532480K, used 532436K [0x00000000a1a00000, 0x00000000c2200000, 0x00000000e0900000)
  object space 532480K, 99% used [0x00000000a1a00000,0x00000000c21f5098,0x00000000c2200000)
 Metaspace       used 15552K, capacity 16190K, committed 16256K, reserved 1062912K
  class space    used 1985K, capacity 2168K, committed 2176K, reserved 1048576K
}
Event: 32.167 GC heap before
{Heap before GC invocations=111 (full 16):
 PSYoungGen      total 484864K, used 454656K [0x00000000e0900000, 0x0000000100000000, 0x0000000100000000)
  eden space 454656K, 100% used [0x00000000e0900000,0x00000000fc500000,0x00000000fc500000)
  from space 30208K, 0% used [0x00000000fc500000,0x00000000fc500000,0x00000000fe280000)
  to   space 30208K, 0% used [0x00000000fe280000,0x00000000fe280000,0x0000000100000000)
 ParOldGen       total 532480K, used 532436K [0x00000000a1a00000, 0x00000000c2200000, 0x00000000e0900000)
  object space 532480K, 99% used [0x00000000a1a00000,0x00000000c21f50b0,0x00000000c2200000)
 Metaspace       used 15553K, capacity 16190K, committed 16256K, reserved 1062912K
  class space    used 1985K, capacity 2168K, committed 2176K, reserved 1048576K
Event: 32.225 GC heap after
Heap after GC invocations=111 (full 16):
 PSYoungGen      total 484864K, used 254522K [0x00000000e0900000, 0x0000000100000000, 0x0000000100000000)
  eden space 454656K, 55% used [0x00000000e0900000,0x00000000f018e958,0x00000000fc500000)
  from space 30208K, 0% used [0x00000000fc500000,0x00000000fc500000,0x00000000fe280000)
  to   space 30208K, 0% used [0x00000000fe280000,0x00000000fe280000,0x0000000100000000)
 ParOldGen       total 532480K, used 532436K [0x00000000a1a00000, 0x00000000c2200000, 0x00000000e0900000)
  object space 532480K, 99% used [0x00000000a1a00000,0x00000000c21f50b0,0x00000000c2200000)
 Metaspace       used 15553K, capacity 16190K, committed 16256K, reserved 1062912K
  class space    used 1985K, capacity 2168K, committed 2176K, reserved 1048576K
}

